2025-05-15 09:08:34,724 INFO  [org.jboss.as.server.deployment] (MSC service thread 1-6) WFLYSRV0028: Stopped deployment spring-mvc-forms.war (runtime-name: spring-mvc-forms.war) in 251ms
2025-05-15 09:08:34,989 INFO  [org.jboss.as.server.deployment] (MSC service thread 1-7) WFLYSRV0027: Starting deployment of "spring-mvc-forms.war" (runtime-name: "spring-mvc-forms.war")
2025-05-15 09:08:48,269 WARN  [org.jboss.as.dependency.private] (MSC service thread 1-8) WFLYSRV0018: Deployment "deployment.spring-mvc-forms.war" is using a private module ("org.jboss.vfs") which may be changed or removed in future versions without notice.
2025-05-15 09:08:50,620 INFO  [org.jboss.weld.deployer] (MSC service thread 1-1) WFLYWELD0003: Processing weld deployment spring-mvc-forms.war
2025-05-15 09:08:52,231 INFO  [io.undertow.servlet] (ServerService Thread Pool -- 121) 1 Spring WebApplicationInitializers detected on classpath
2025-05-15 09:08:52,331 INFO  [jakarta.enterprise.resource.webcontainer.faces.config] (ServerService Thread Pool -- 121) Inicializando Mojarra 4.0.2 para o contexto '/spring-mvc-forms'
2025-05-15 09:08:52,660 INFO  [io.undertow.servlet] (ServerService Thread Pool -- 121) Initializing Spring DispatcherServlet 'dispatcher'
2025-05-15 09:08:52,665 INFO  [org.springframework.web.servlet.DispatcherServlet] (ServerService Thread Pool -- 121) Initializing Servlet 'dispatcher'
2025-05-15 09:08:53,431 INFO  [org.springframework.web.servlet.DispatcherServlet] (ServerService Thread Pool -- 121) Completed initialization in 762 ms
2025-05-15 09:08:53,436 INFO  [org.wildfly.extension.undertow] (ServerService Thread Pool -- 121) WFLYUT0021: Registered web context: '/spring-mvc-forms' for server 'default-server'
2025-05-15 09:08:53,607 INFO  [org.jboss.as.server] (DeploymentScanner-threads - 1) WFLYSRV0016: Replaced deployment "spring-mvc-forms.war" with deployment "spring-mvc-forms.war"
2025-05-15 09:08:53,608 INFO  [org.jboss.as.controller] (DeploymentScanner-threads - 1) WFLYCTL0183: Service status report
WFLYCTL0186:   Services which failed to start:      service jboss.deployment.unit."spring-mvc-error-handling.war".STRUCTURE: WFLYSRV0153: Failed to process phase STRUCTURE of deployment "spring-mvc-error-handling.war"

2025-05-15 09:11:34,441 INFO  [org.wildfly.extension.undertow] (ServerService Thread Pool -- 121) WFLYUT0022: Unregistered web context: '/spring-mvc-forms' from server 'default-server'
2025-05-15 09:11:34,460 INFO  [io.undertow.servlet] (ServerService Thread Pool -- 121) Destroying Spring FrameworkServlet 'dispatcher'
2025-05-15 09:11:34,642 INFO  [org.jboss.as.server.deployment] (MSC service thread 1-1) WFLYSRV0028: Stopped deployment spring-mvc-forms.war (runtime-name: spring-mvc-forms.war) in 216ms
2025-05-15 09:11:34,649 INFO  [org.jboss.as.server.deployment] (MSC service thread 1-2) WFLYSRV0027: Starting deployment of "spring-mvc-forms.war" (runtime-name: "spring-mvc-forms.war")
2025-05-15 09:11:36,502 WARN  [org.jboss.as.dependency.private] (MSC service thread 1-6) WFLYSRV0018: Deployment "deployment.spring-mvc-forms.war" is using a private module ("org.jboss.vfs") which may be changed or removed in future versions without notice.
2025-05-15 09:11:36,581 INFO  [org.jboss.weld.deployer] (MSC service thread 1-7) WFLYWELD0003: Processing weld deployment spring-mvc-forms.war
2025-05-15 09:11:37,689 INFO  [io.undertow.servlet] (ServerService Thread Pool -- 150) 1 Spring WebApplicationInitializers detected on classpath
2025-05-15 09:11:37,851 INFO  [jakarta.enterprise.resource.webcontainer.faces.config] (ServerService Thread Pool -- 150) Inicializando Mojarra 4.0.2 para o contexto '/spring-mvc-forms'
2025-05-15 09:11:38,185 INFO  [io.undertow.servlet] (ServerService Thread Pool -- 150) Initializing Spring DispatcherServlet 'dispatcher'
2025-05-15 09:11:38,190 INFO  [org.springframework.web.servlet.DispatcherServlet] (ServerService Thread Pool -- 150) Initializing Servlet 'dispatcher'
2025-05-15 09:11:39,101 INFO  [org.springframework.web.servlet.DispatcherServlet] (ServerService Thread Pool -- 150) Completed initialization in 908 ms
2025-05-15 09:11:39,101 INFO  [org.wildfly.extension.undertow] (ServerService Thread Pool -- 150) WFLYUT0021: Registered web context: '/spring-mvc-forms' for server 'default-server'
2025-05-15 09:11:39,159 INFO  [org.jboss.as.server] (DeploymentScanner-threads - 1) WFLYSRV0016: Replaced deployment "spring-mvc-forms.war" with deployment "spring-mvc-forms.war"
2025-05-15 09:11:39,161 INFO  [org.jboss.as.controller] (DeploymentScanner-threads - 1) WFLYCTL0183: Service status report
WFLYCTL0186:   Services which failed to start:      service jboss.deployment.unit."spring-mvc-error-handling.war".STRUCTURE: WFLYSRV0153: Failed to process phase STRUCTURE of deployment "spring-mvc-error-handling.war"

2025-05-15 09:11:39,194 INFO  [org.jboss.as.server] (management-handler-thread - 4) WFLYSRV0272: Suspending server
2025-05-15 09:11:39,268 INFO  [org.jboss.as.ejb3] (management-handler-thread - 4) WFLYEJB0493: Jakarta Enterprise Beans subsystem suspension complete
2025-05-15 09:11:39,296 INFO  [org.jboss.as.server] (Management Triggered Shutdown) WFLYSRV0241: Shutting down in response to management operation 'shutdown'
2025-05-15 09:11:39,361 INFO  [org.wildfly.extension.undertow] (ServerService Thread Pool -- 150) WFLYUT0022: Unregistered web context: '/spring-mvc-forms' from server 'default-server'
2025-05-15 09:11:39,361 INFO  [io.undertow.servlet] (ServerService Thread Pool -- 150) Destroying Spring FrameworkServlet 'dispatcher'
2025-05-15 09:11:39,407 INFO  [org.jboss.as.server.deployment] (MSC service thread 1-1) WFLYSRV0028: Stopped deployment spring-mvc-error-handling.war (runtime-name: spring-mvc-error-handling.war) in 35ms
2025-05-15 09:11:39,433 INFO  [org.wildfly.extension.undertow] (MSC service thread 1-7) WFLYUT0019: Host default-host stopping
2025-05-15 09:11:39,444 INFO  [org.jboss.as.mail.extension] (MSC service thread 1-1) WFLYMAIL0002: Unbound mail session [java:jboss/mail/Default]
2025-05-15 09:11:39,474 INFO  [org.jboss.as.connector.subsystems.datasources] (MSC service thread 1-8) WFLYJCA0010: Unbound data source [java:jboss/datasources/ExampleDS]
2025-05-15 09:11:39,539 INFO  [org.wildfly.extension.undertow] (MSC service thread 1-4) WFLYUT0008: Undertow HTTP listener default suspending
2025-05-15 09:11:39,540 INFO  [org.wildfly.extension.undertow] (MSC service thread 1-4) WFLYUT0007: Undertow HTTP listener default stopped, was bound to 127.0.0.1:8080
2025-05-15 09:11:39,543 INFO  [org.jboss.as.connector.deployers.jdbc] (MSC service thread 1-7) WFLYJCA0019: Stopped Driver service with driver-name = h2
2025-05-15 09:11:39,548 INFO  [org.jboss.as.server.deployment] (MSC service thread 1-5) WFLYSRV0028: Stopped deployment spring-mvc-forms.war (runtime-name: spring-mvc-forms.war) in 177ms
2025-05-15 09:11:39,657 INFO  [org.wildfly.extension.undertow] (MSC service thread 1-8) WFLYUT0008: Undertow HTTPS listener https suspending
2025-05-15 09:11:39,658 INFO  [org.wildfly.extension.undertow] (MSC service thread 1-8) WFLYUT0007: Undertow HTTPS listener https stopped, was bound to 127.0.0.1:8443
2025-05-15 09:11:39,683 INFO  [org.wildfly.extension.undertow] (MSC service thread 1-3) WFLYUT0004: Undertow 2.3.7.Final stopping
2025-05-15 09:11:39,726 INFO  [org.jboss.as] (MSC service thread 1-3) WFLYSRV0050: WildFly Full 29.0.1.Final (WildFly Core 21.1.1.Final) stopped in 355ms
2025-05-15 09:12:29,606 INFO  [org.jboss.modules] (main) JBoss Modules version 2.1.0.Final
2025-05-15 09:12:37,934 INFO  [org.jboss.msc] (main) JBoss MSC version 1.5.1.Final
2025-05-15 09:12:37,970 INFO  [org.jboss.threads] (main) JBoss Threads version 2.4.0.Final
2025-05-15 09:12:38,399 INFO  [org.jboss.as] (MSC service thread 1-1) WFLYSRV0049: WildFly Full 29.0.1.Final (WildFly Core 21.1.1.Final) starting
2025-05-15 09:12:38,403 DEBUG [org.jboss.as.config] (MSC service thread 1-1) Configured system properties:
	file.encoding = UTF-8
	file.separator = /
	java.awt.headless = true
	java.class.path = /Users/felipenunesgaia/dsd/wildfly-29.0.1.Final/jboss-modules.jar
	java.class.version = 61.0
	java.home = /Library/Java/JavaVirtualMachines/jdk-17.jdk/Contents/Home
	java.io.tmpdir = /var/folders/72/brqd65f952l_l041vwbs8w6w0000gn/T/
	java.library.path = /Users/felipenunesgaia/Library/Java/Extensions:/Library/Java/Extensions:/Network/Library/Java/Extensions:/System/Library/Java/Extensions:/usr/lib/java:.
	java.net.preferIPv4Stack = true
	java.runtime.name = Java(TM) SE Runtime Environment
	java.runtime.version = 17.0.14+8-LTS-191
	java.specification.maintenance.version = 1
	java.specification.name = Java Platform API Specification
	java.specification.vendor = Oracle Corporation
	java.specification.version = 17
	java.util.logging.manager = org.jboss.logmanager.LogManager
	java.vendor = Oracle Corporation
	java.vendor.url = https://java.oracle.com/
	java.vendor.url.bug = https://bugreport.java.com/bugreport/
	java.version = 17.0.14
	java.version.date = 2025-01-21
	java.vm.compressedOopsMode = Zero based
	java.vm.info = mixed mode, sharing
	java.vm.name = Java HotSpot(TM) 64-Bit Server VM
	java.vm.specification.name = Java Virtual Machine Specification
	java.vm.specification.vendor = Oracle Corporation
	java.vm.specification.version = 17
	java.vm.vendor = Oracle Corporation
	java.vm.version = 17.0.14+8-LTS-191
	javax.management.builder.initial = org.jboss.as.jmx.PluggableMBeanServerBuilder
	jboss.bind.address = localhost
	jboss.bind.address.management = localhost
	jboss.home.dir = /Users/felipenunesgaia/dsd/wildfly-29.0.1.Final
	jboss.host.name = macbook-air-de-felipe
	jboss.modules.system.pkgs = org.jboss.byteman
	jboss.node.name = macbook-air-de-felipe
	jboss.qualified.host.name = macbook-air-de-felipe.local
	jboss.server.base.dir = /Users/felipenunesgaia/dsd/wildfly-29.0.1.Final/standalone
	jboss.server.config.dir = /Users/felipenunesgaia/dsd/wildfly-29.0.1.Final/standalone/configuration
	jboss.server.data.dir = /Users/felipenunesgaia/dsd/wildfly-29.0.1.Final/standalone/data
	jboss.server.log.dir = /Users/felipenunesgaia/dsd/wildfly-29.0.1.Final/standalone/log
	jboss.server.name = macbook-air-de-felipe
	jboss.server.persist.config = true
	jboss.server.temp.dir = /Users/felipenunesgaia/dsd/wildfly-29.0.1.Final/standalone/tmp
	jdk.debug = release
	line.separator = 

	logging.configuration = file:/Users/felipenunesgaia/dsd/wildfly-29.0.1.Final/standalone/configuration/logging.properties
	module.path = /Users/felipenunesgaia/dsd/wildfly-29.0.1.Final/modules
	native.encoding = UTF-8
	org.jboss.boot.log.file = /Users/felipenunesgaia/dsd/wildfly-29.0.1.Final/standalone/log/boot.log
	org.jboss.logmanager.nocolor = true
	org.jboss.resolver.warning = true
	os.arch = x86_64
	os.name = Mac OS X
	os.version = 12.7.6
	path.separator = :
	program.name = JBossTools: WildFly 29.0.1
	stderr.encoding = UTF-8
	stdout.encoding = UTF-8
	sun.arch.data.model = 64
	sun.boot.library.path = /Library/Java/JavaVirtualMachines/jdk-17.jdk/Contents/Home/lib
	sun.cpu.endian = little
	sun.io.unicode.encoding = UnicodeBig
	sun.java.command = org.jboss.modules.Main -mp /Users/felipenunesgaia/dsd/wildfly-29.0.1.Final/modules org.jboss.as.standalone -b localhost --server-config=standalone.xml -Djboss.server.base.dir=/Users/felipenunesgaia/dsd/wildfly-29.0.1.Final/standalone
	sun.java.launcher = SUN_STANDARD
	sun.jnu.encoding = UTF-8
	sun.management.compiler = HotSpot 64-Bit Tiered Compilers
	sun.rmi.dgc.client.gcInterval = 3600000
	sun.rmi.dgc.server.gcInterval = 3600000
	user.country = BR
	user.dir = /Users/felipenunesgaia/dsd/wildfly-29.0.1.Final/bin
	user.home = /Users/felipenunesgaia
	user.language = pt
	user.name = felipenunesgaia
	user.timezone = America/Sao_Paulo
2025-05-15 09:12:38,409 DEBUG [org.jboss.as.config] (MSC service thread 1-1) VM Arguments: -Dprogram.name=JBossTools: WildFly 29.0.1 -Xms1303m -Xmx1303m -XX:MetaspaceSize=96M -XX:MaxMetaspaceSize=256m -Dorg.jboss.resolver.warning=true -Djava.net.preferIPv4Stack=true -Dsun.rmi.dgc.client.gcInterval=3600000 -Dsun.rmi.dgc.server.gcInterval=3600000 -Djboss.modules.system.pkgs=org.jboss.byteman -Djava.awt.headless=true -Dorg.jboss.boot.log.file=/Users/felipenunesgaia/dsd/wildfly-29.0.1.Final/standalone/log/boot.log -Dlogging.configuration=file:/Users/felipenunesgaia/dsd/wildfly-29.0.1.Final/standalone/configuration/logging.properties -Djboss.home.dir=/Users/felipenunesgaia/dsd/wildfly-29.0.1.Final -Dorg.jboss.logmanager.nocolor=true --add-exports=java.desktop/sun.awt=ALL-UNNAMED --add-exports=java.naming/com.sun.jndi.ldap=ALL-UNNAMED --add-opens=java.base/java.lang=ALL-UNNAMED --add-opens=java.base/java.lang.invoke=ALL-UNNAMED --add-opens=java.base/java.lang.reflect=ALL-UNNAMED --add-opens=java.base/java.io=ALL-UNNAMED --add-opens=java.base/java.security=ALL-UNNAMED --add-opens=java.base/java.util=ALL-UNNAMED --add-opens=java.base/java.util.concurrent=ALL-UNNAMED --add-opens=java.management/javax.management=ALL-UNNAMED --add-opens=java.naming/javax.naming=ALL-UNNAMED --add-exports=java.base/sun.nio.ch=ALL-UNNAMED --add-exports=jdk.unsupported/sun.misc=ALL-UNNAMED --add-exports=jdk.unsupported/sun.reflect=ALL-UNNAMED --add-modules=java.se -Djboss.bind.address.management=localhost -Dfile.encoding=UTF-8 -Dstdout.encoding=UTF-8 -Dstderr.encoding=UTF-8 -XX:+ShowCodeDetailsInExceptionMessages 
2025-05-15 09:12:41,177 INFO  [org.wildfly.security] (ServerService Thread Pool -- 25) ELY00001: WildFly Elytron version 2.2.1.Final
2025-05-15 09:12:42,655 INFO  [org.jboss.as.controller.management-deprecated] (ServerService Thread Pool -- 9) WFLYCTL0028: Attribute 'cluster' in the resource at address '/subsystem=ejb3/service=remote' is deprecated, and may be removed in a future version. See the attribute description in the output of the read-resource-description operation to learn more about the deprecation.
2025-05-15 09:12:42,711 INFO  [org.jboss.as.server.deployment.scanner] (DeploymentScanner-threads - 1) WFLYDS0004: Found spring-mvc-forms.war in deployment directory. To trigger deployment create a file called spring-mvc-forms.war.dodeploy
2025-05-15 09:12:42,818 INFO  [org.jboss.as.server] (Controller Boot Thread) WFLYSRV0039: Creating http management service using socket-binding (management-http)
2025-05-15 09:12:42,860 INFO  [org.xnio] (MSC service thread 1-4) XNIO version 3.8.9.Final
2025-05-15 09:12:42,879 INFO  [org.xnio.nio] (MSC service thread 1-4) XNIO NIO Implementation Version 3.8.9.Final
2025-05-15 09:12:42,965 INFO  [org.jboss.as.server.deployment] (MSC service thread 1-8) WFLYSRV0027: Starting deployment of "spring-mvc-forms.war" (runtime-name: "spring-mvc-forms.war")
2025-05-15 09:12:42,976 INFO  [org.wildfly.extension.elytron.oidc._private] (ServerService Thread Pool -- 53) WFLYOIDC0001: Activating WildFly Elytron OIDC Subsystem
2025-05-15 09:12:43,002 INFO  [org.wildfly.extension.health] (ServerService Thread Pool -- 54) WFLYHEALTH0001: Activating Base Health Subsystem
2025-05-15 09:12:43,008 INFO  [org.jboss.as.connector.subsystems.datasources] (ServerService Thread Pool -- 44) WFLYJCA0004: Deploying JDBC-compliant driver class org.h2.Driver (version 2.1)
2025-05-15 09:12:43,057 INFO  [org.jboss.as.clustering.infinispan] (ServerService Thread Pool -- 55) WFLYCLINF0001: Activating Infinispan subsystem.
2025-05-15 09:12:43,058 INFO  [org.jboss.as.jaxrs] (ServerService Thread Pool -- 57) WFLYRS0016: RESTEasy version 6.2.5.Final
2025-05-15 09:12:43,060 INFO  [org.wildfly.extension.io] (ServerService Thread Pool -- 56) WFLYIO001: Worker 'default' has auto-configured to 8 IO threads with 64 max task threads based on your 4 available processors
2025-05-15 09:12:43,086 INFO  [org.jboss.as.connector] (MSC service thread 1-3) WFLYJCA0009: Starting Jakarta Connectors Subsystem (WildFly/IronJacamar 3.0.3.Final)
2025-05-15 09:12:43,091 INFO  [org.jboss.as.connector.deployers.jdbc] (MSC service thread 1-6) WFLYJCA0018: Started Driver service with driver-name = h2
2025-05-15 09:12:43,140 INFO  [org.jboss.remoting] (MSC service thread 1-8) JBoss Remoting version 5.0.27.Final
2025-05-15 09:12:43,208 INFO  [org.jboss.as.jsf] (ServerService Thread Pool -- 62) WFLYJSF0007: Activated the following Jakarta Server Faces Implementations: [main]
2025-05-15 09:12:43,216 WARN  [org.wildfly.extension.elytron] (MSC service thread 1-4) WFLYELY00023: KeyStore file '/Users/felipenunesgaia/dsd/wildfly-29.0.1.Final/standalone/configuration/application.keystore' does not exist. Used blank.
2025-05-15 09:12:43,222 INFO  [org.wildfly.extension.metrics] (ServerService Thread Pool -- 64) WFLYMETRICS0001: Activating Base Metrics Subsystem
2025-05-15 09:12:43,243 INFO  [org.wildfly.extension.microprofile.config.smallrye] (ServerService Thread Pool -- 65) WFLYCONF0001: Activating MicroProfile Config Subsystem
2025-05-15 09:12:43,249 INFO  [org.wildfly.extension.microprofile.jwt.smallrye] (ServerService Thread Pool -- 66) WFLYJWT0001: Activating MicroProfile JWT Subsystem
2025-05-15 09:12:43,258 INFO  [org.jboss.as.naming] (ServerService Thread Pool -- 67) WFLYNAM0001: Activating Naming Subsystem
2025-05-15 09:12:43,289 WARN  [org.jboss.as.txn] (ServerService Thread Pool -- 74) WFLYTX0013: The node-identifier attribute on the /subsystem=transactions is set to the default value. This is a danger for environments running multiple servers. Please make sure the attribute value is unique.
2025-05-15 09:12:43,315 INFO  [org.jboss.as.naming] (MSC service thread 1-1) WFLYNAM0003: Starting Naming Service
2025-05-15 09:12:43,321 INFO  [org.jboss.as.mail.extension] (MSC service thread 1-7) WFLYMAIL0001: Bound mail session [java:jboss/mail/Default]
2025-05-15 09:12:43,324 INFO  [org.jboss.as.webservices] (ServerService Thread Pool -- 76) WFLYWS0002: Activating WebServices Extension
2025-05-15 09:12:43,331 WARN  [org.wildfly.extension.elytron] (MSC service thread 1-6) WFLYELY01084: KeyStore /Users/felipenunesgaia/dsd/wildfly-29.0.1.Final/standalone/configuration/application.keystore not found, it will be auto-generated on first use with a self-signed certificate for host localhost
2025-05-15 09:12:43,540 INFO  [org.jboss.as.ejb3] (MSC service thread 1-6) WFLYEJB0482: Strict pool mdb-strict-max-pool is using a max instance size of 16 (per class), which is derived from the number of CPUs on this host.
2025-05-15 09:12:43,540 INFO  [org.jboss.as.ejb3] (MSC service thread 1-7) WFLYEJB0481: Strict pool slsb-strict-max-pool is using a max instance size of 64 (per class), which is derived from thread worker pool sizing.
2025-05-15 09:12:43,553 INFO  [org.wildfly.extension.undertow] (MSC service thread 1-1) WFLYUT0003: Undertow 2.3.7.Final starting
2025-05-15 09:12:43,762 INFO  [org.wildfly.extension.undertow] (MSC service thread 1-8) WFLYUT0012: Started server default-server.
2025-05-15 09:12:43,763 INFO  [org.wildfly.extension.undertow] (ServerService Thread Pool -- 75) WFLYUT0014: Creating file handler for path '/Users/felipenunesgaia/dsd/wildfly-29.0.1.Final/welcome-content' with options [directory-listing: 'false', follow-symlink: 'false', case-sensitive: 'true', safe-symlink-paths: '[]']
2025-05-15 09:12:43,766 INFO  [org.wildfly.extension.undertow] (MSC service thread 1-2) Queuing requests.
2025-05-15 09:12:43,769 INFO  [org.wildfly.extension.undertow] (MSC service thread 1-2) WFLYUT0018: Host default-host starting
2025-05-15 09:12:43,908 INFO  [org.wildfly.extension.undertow] (MSC service thread 1-8) WFLYUT0006: Undertow HTTP listener default listening on 127.0.0.1:8080
2025-05-15 09:12:44,130 INFO  [org.wildfly.extension.undertow] (MSC service thread 1-3) WFLYUT0006: Undertow HTTPS listener https listening on 127.0.0.1:8443
2025-05-15 09:12:44,467 INFO  [org.jboss.as.server.deployment.scanner] (MSC service thread 1-3) WFLYDS0013: Started FileSystemDeploymentService for directory /Users/felipenunesgaia/dsd/wildfly-29.0.1.Final/standalone/deployments
2025-05-15 09:12:44,699 INFO  [org.jboss.ws.common.management] (MSC service thread 1-7) JBWS022052: Starting JBossWS 6.2.0.Final (Apache CXF 4.0.0) 
2025-05-15 09:12:49,423 INFO  [org.jboss.as.ejb3] (MSC service thread 1-8) WFLYEJB0493: Jakarta Enterprise Beans subsystem suspension complete
2025-05-15 09:12:49,918 INFO  [org.jboss.as.connector.subsystems.datasources] (MSC service thread 1-4) WFLYJCA0001: Bound data source [java:jboss/datasources/ExampleDS]
2025-05-15 09:12:50,568 WARN  [org.jboss.as.dependency.private] (MSC service thread 1-4) WFLYSRV0018: Deployment "deployment.spring-mvc-forms.war" is using a private module ("org.jboss.vfs") which may be changed or removed in future versions without notice.
2025-05-15 09:12:50,924 INFO  [org.jboss.weld.deployer] (MSC service thread 1-1) WFLYWELD0003: Processing weld deployment spring-mvc-forms.war
2025-05-15 09:12:51,188 INFO  [org.hibernate.validator.internal.util.Version] (MSC service thread 1-1) HV000001: Hibernate Validator 8.0.0.Final
2025-05-15 09:12:54,827 INFO  [org.jboss.weld.Version] (MSC service thread 1-7) WELD-000900: 5.1.1 (SP1)
2025-05-15 09:12:58,903 INFO  [io.undertow.servlet] (ServerService Thread Pool -- 88) 1 Spring WebApplicationInitializers detected on classpath
2025-05-15 09:12:59,123 INFO  [jakarta.enterprise.resource.webcontainer.faces.config] (ServerService Thread Pool -- 88) Inicializando Mojarra 4.0.2 para o contexto '/spring-mvc-forms'
2025-05-15 09:13:00,195 INFO  [io.undertow.servlet] (ServerService Thread Pool -- 88) Initializing Spring DispatcherServlet 'dispatcher'
2025-05-15 09:13:00,197 INFO  [org.springframework.web.servlet.DispatcherServlet] (ServerService Thread Pool -- 88) Initializing Servlet 'dispatcher'
2025-05-15 09:13:01,809 INFO  [org.springframework.web.servlet.DispatcherServlet] (ServerService Thread Pool -- 88) Completed initialization in 1612 ms
2025-05-15 09:13:01,816 INFO  [org.wildfly.extension.undertow] (ServerService Thread Pool -- 88) WFLYUT0021: Registered web context: '/spring-mvc-forms' for server 'default-server'
2025-05-15 09:13:01,997 INFO  [org.jboss.as.server] (ServerService Thread Pool -- 45) WFLYSRV0010: Deployed "spring-mvc-forms.war" (runtime-name : "spring-mvc-forms.war")
2025-05-15 09:13:02,143 INFO  [org.jboss.as.server] (Controller Boot Thread) WFLYSRV0212: Resuming server
2025-05-15 09:13:02,166 INFO  [org.jboss.as] (Controller Boot Thread) WFLYSRV0060: Http management interface listening on http://127.0.0.1:9990/management
2025-05-15 09:13:02,168 INFO  [org.jboss.as] (Controller Boot Thread) WFLYSRV0051: Admin console listening on http://127.0.0.1:9990
2025-05-15 09:13:02,188 INFO  [org.jboss.as] (Controller Boot Thread) WFLYSRV0025: WildFly Full 29.0.1.Final (WildFly Core 21.1.1.Final) started in 33614ms - Started 929 of 1149 services (322 services are lazy, passive or on-demand) - Server configuration file in use: standalone.xml
2025-05-15 09:13:07,085 INFO  [org.wildfly.extension.undertow] (ServerService Thread Pool -- 28) WFLYUT0022: Unregistered web context: '/spring-mvc-forms' from server 'default-server'
2025-05-15 09:13:07,091 INFO  [io.undertow.servlet] (ServerService Thread Pool -- 28) Destroying Spring FrameworkServlet 'dispatcher'
2025-05-15 09:13:07,280 INFO  [org.jboss.as.server.deployment] (MSC service thread 1-2) WFLYSRV0028: Stopped deployment spring-mvc-forms.war (runtime-name: spring-mvc-forms.war) in 214ms
2025-05-15 09:13:07,290 INFO  [org.jboss.as.server.deployment] (MSC service thread 1-1) WFLYSRV0027: Starting deployment of "spring-mvc-forms.war" (runtime-name: "spring-mvc-forms.war")
2025-05-15 09:13:09,446 WARN  [org.jboss.as.dependency.private] (MSC service thread 1-3) WFLYSRV0018: Deployment "deployment.spring-mvc-forms.war" is using a private module ("org.jboss.vfs") which may be changed or removed in future versions without notice.
2025-05-15 09:13:09,529 INFO  [org.jboss.weld.deployer] (MSC service thread 1-3) WFLYWELD0003: Processing weld deployment spring-mvc-forms.war
2025-05-15 09:13:10,519 INFO  [io.undertow.servlet] (ServerService Thread Pool -- 19) 1 Spring WebApplicationInitializers detected on classpath
2025-05-15 09:13:10,576 INFO  [jakarta.enterprise.resource.webcontainer.faces.config] (ServerService Thread Pool -- 19) Inicializando Mojarra 4.0.2 para o contexto '/spring-mvc-forms'
2025-05-15 09:13:10,769 INFO  [io.undertow.servlet] (ServerService Thread Pool -- 19) Initializing Spring DispatcherServlet 'dispatcher'
2025-05-15 09:13:10,770 INFO  [org.springframework.web.servlet.DispatcherServlet] (ServerService Thread Pool -- 19) Initializing Servlet 'dispatcher'
2025-05-15 09:13:11,674 INFO  [org.springframework.web.servlet.DispatcherServlet] (ServerService Thread Pool -- 19) Completed initialization in 904 ms
2025-05-15 09:13:11,675 INFO  [org.wildfly.extension.undertow] (ServerService Thread Pool -- 19) WFLYUT0021: Registered web context: '/spring-mvc-forms' for server 'default-server'
2025-05-15 09:13:11,759 INFO  [org.jboss.as.server] (DeploymentScanner-threads - 2) WFLYSRV0016: Replaced deployment "spring-mvc-forms.war" with deployment "spring-mvc-forms.war"
2025-05-15 09:13:35,271 ERROR [io.undertow.request] (default task-1) UT005023: Exception handling request to /spring-mvc-forms/exemplo-post: jakarta.servlet.ServletException: Request processing failed: java.lang.IllegalArgumentException: Name for argument of type [java.lang.String] not specified, and parameter name information not found in class file either.
	at deployment.spring-mvc-forms.war//org.springframework.web.servlet.FrameworkServlet.processRequest(FrameworkServlet.java:1022)
	at deployment.spring-mvc-forms.war//org.springframework.web.servlet.FrameworkServlet.doPost(FrameworkServlet.java:914)
	at jakarta.servlet.api@6.0.0//jakarta.servlet.http.HttpServlet.service(HttpServlet.java:547)
	at deployment.spring-mvc-forms.war//org.springframework.web.servlet.FrameworkServlet.service(FrameworkServlet.java:885)
	at jakarta.servlet.api@6.0.0//jakarta.servlet.http.HttpServlet.service(HttpServlet.java:614)
	at io.undertow.servlet@2.3.7.Final//io.undertow.servlet.handlers.ServletHandler.handleRequest(ServletHandler.java:74)
	at io.undertow.servlet@2.3.7.Final//io.undertow.servlet.handlers.security.ServletSecurityRoleHandler.handleRequest(ServletSecurityRoleHandler.java:62)
	at io.undertow.servlet@2.3.7.Final//io.undertow.servlet.handlers.ServletChain$1.handleRequest(ServletChain.java:68)
	at io.undertow.servlet@2.3.7.Final//io.undertow.servlet.handlers.ServletDispatchingHandler.handleRequest(ServletDispatchingHandler.java:36)
	at org.wildfly.security.elytron-web.undertow-server@4.0.0.Final//org.wildfly.elytron.web.undertow.server.ElytronRunAsHandler.lambda$handleRequest$1(ElytronRunAsHandler.java:68)
	at org.wildfly.security.elytron-base@2.2.1.Final//org.wildfly.security.auth.server.FlexibleIdentityAssociation.runAsFunctionEx(FlexibleIdentityAssociation.java:103)
	at org.wildfly.security.elytron-base@2.2.1.Final//org.wildfly.security.auth.server.Scoped.runAsFunctionEx(Scoped.java:161)
	at org.wildfly.security.elytron-base@2.2.1.Final//org.wildfly.security.auth.server.Scoped.runAs(Scoped.java:73)
	at org.wildfly.security.elytron-web.undertow-server@4.0.0.Final//org.wildfly.elytron.web.undertow.server.ElytronRunAsHandler.handleRequest(ElytronRunAsHandler.java:67)
	at io.undertow.servlet@2.3.7.Final//io.undertow.servlet.handlers.RedirectDirHandler.handleRequest(RedirectDirHandler.java:68)
	at io.undertow.servlet@2.3.7.Final//io.undertow.servlet.handlers.security.SSLInformationAssociationHandler.handleRequest(SSLInformationAssociationHandler.java:117)
	at io.undertow.servlet@2.3.7.Final//io.undertow.servlet.handlers.security.ServletAuthenticationCallHandler.handleRequest(ServletAuthenticationCallHandler.java:57)
	at io.undertow.core@2.3.7.Final//io.undertow.server.handlers.PredicateHandler.handleRequest(PredicateHandler.java:43)
	at io.undertow.core@2.3.7.Final//io.undertow.security.handlers.AbstractConfidentialityHandler.handleRequest(AbstractConfidentialityHandler.java:46)
	at io.undertow.servlet@2.3.7.Final//io.undertow.servlet.handlers.security.ServletConfidentialityConstraintHandler.handleRequest(ServletConfidentialityConstraintHandler.java:64)
	at io.undertow.core@2.3.7.Final//io.undertow.security.handlers.AbstractSecurityContextAssociationHandler.handleRequest(AbstractSecurityContextAssociationHandler.java:43)
	at org.wildfly.security.elytron-web.undertow-server-servlet@4.0.0.Final//org.wildfly.elytron.web.undertow.server.servlet.CleanUpHandler.handleRequest(CleanUpHandler.java:38)
	at io.undertow.core@2.3.7.Final//io.undertow.server.handlers.PredicateHandler.handleRequest(PredicateHandler.java:43)
	at org.wildfly.extension.undertow@29.0.1.Final//org.wildfly.extension.undertow.security.jacc.JACCContextIdHandler.handleRequest(JACCContextIdHandler.java:61)
	at io.undertow.core@2.3.7.Final//io.undertow.server.handlers.PredicateHandler.handleRequest(PredicateHandler.java:43)
	at org.wildfly.extension.undertow@29.0.1.Final//org.wildfly.extension.undertow.deployment.GlobalRequestControllerHandler.handleRequest(GlobalRequestControllerHandler.java:68)
	at io.undertow.servlet@2.3.7.Final//io.undertow.servlet.handlers.SendErrorPageHandler.handleRequest(SendErrorPageHandler.java:52)
	at io.undertow.core@2.3.7.Final//io.undertow.server.handlers.PredicateHandler.handleRequest(PredicateHandler.java:43)
	at io.undertow.servlet@2.3.7.Final//io.undertow.servlet.handlers.ServletInitialHandler.handleFirstRequest(ServletInitialHandler.java:276)
	at io.undertow.servlet@2.3.7.Final//io.undertow.servlet.handlers.ServletInitialHandler$2.call(ServletInitialHandler.java:135)
	at io.undertow.servlet@2.3.7.Final//io.undertow.servlet.handlers.ServletInitialHandler$2.call(ServletInitialHandler.java:132)
	at io.undertow.servlet@2.3.7.Final//io.undertow.servlet.core.ServletRequestContextThreadSetupAction$1.call(ServletRequestContextThreadSetupAction.java:48)
	at io.undertow.servlet@2.3.7.Final//io.undertow.servlet.core.ContextClassLoaderSetupAction$1.call(ContextClassLoaderSetupAction.java:43)
	at org.wildfly.extension.undertow@29.0.1.Final//org.wildfly.extension.undertow.deployment.UndertowDeploymentInfoService$UndertowThreadSetupAction.lambda$create$0(UndertowDeploymentInfoService.java:1430)
	at org.wildfly.extension.undertow@29.0.1.Final//org.wildfly.extension.undertow.deployment.UndertowDeploymentInfoService$UndertowThreadSetupAction.lambda$create$0(UndertowDeploymentInfoService.java:1430)
	at org.wildfly.extension.undertow@29.0.1.Final//org.wildfly.extension.undertow.deployment.UndertowDeploymentInfoService$UndertowThreadSetupAction.lambda$create$0(UndertowDeploymentInfoService.java:1430)
	at org.wildfly.extension.undertow@29.0.1.Final//org.wildfly.extension.undertow.deployment.UndertowDeploymentInfoService$UndertowThreadSetupAction.lambda$create$0(UndertowDeploymentInfoService.java:1430)
	at io.undertow.servlet@2.3.7.Final//io.undertow.servlet.handlers.ServletInitialHandler.dispatchRequest(ServletInitialHandler.java:256)
	at io.undertow.servlet@2.3.7.Final//io.undertow.servlet.handlers.ServletInitialHandler$1.handleRequest(ServletInitialHandler.java:101)
	at io.undertow.core@2.3.7.Final//io.undertow.server.Connectors.executeRootHandler(Connectors.java:393)
	at io.undertow.core@2.3.7.Final//io.undertow.server.HttpServerExchange$1.run(HttpServerExchange.java:859)
	at org.jboss.threads@2.4.0.Final//org.jboss.threads.ContextClassLoaderSavingRunnable.run(ContextClassLoaderSavingRunnable.java:35)
	at org.jboss.threads@2.4.0.Final//org.jboss.threads.EnhancedQueueExecutor.safeRun(EnhancedQueueExecutor.java:1990)
	at org.jboss.threads@2.4.0.Final//org.jboss.threads.EnhancedQueueExecutor$ThreadBody.doRunTask(EnhancedQueueExecutor.java:1486)
	at org.jboss.threads@2.4.0.Final//org.jboss.threads.EnhancedQueueExecutor$ThreadBody.run(EnhancedQueueExecutor.java:1377)
	at org.jboss.xnio@3.8.9.Final//org.xnio.XnioWorker$WorkerThreadFactory$1$1.run(XnioWorker.java:1282)
	at java.base/java.lang.Thread.run(Thread.java:842)
Caused by: java.lang.IllegalArgumentException: Name for argument of type [java.lang.String] not specified, and parameter name information not found in class file either.
	at deployment.spring-mvc-forms.war//org.springframework.web.method.annotation.AbstractNamedValueMethodArgumentResolver.updateNamedValueInfo(AbstractNamedValueMethodArgumentResolver.java:183)
	at deployment.spring-mvc-forms.war//org.springframework.web.method.annotation.AbstractNamedValueMethodArgumentResolver.getNamedValueInfo(AbstractNamedValueMethodArgumentResolver.java:160)
	at deployment.spring-mvc-forms.war//org.springframework.web.method.annotation.AbstractNamedValueMethodArgumentResolver.resolveArgument(AbstractNamedValueMethodArgumentResolver.java:106)
	at deployment.spring-mvc-forms.war//org.springframework.web.method.support.HandlerMethodArgumentResolverComposite.resolveArgument(HandlerMethodArgumentResolverComposite.java:122)
	at deployment.spring-mvc-forms.war//org.springframework.web.method.support.InvocableHandlerMethod.getMethodArgumentValues(InvocableHandlerMethod.java:217)
	at deployment.spring-mvc-forms.war//org.springframework.web.method.support.InvocableHandlerMethod.invokeForRequest(InvocableHandlerMethod.java:170)
	at deployment.spring-mvc-forms.war//org.springframework.web.servlet.mvc.method.annotation.ServletInvocableHandlerMethod.invokeAndHandle(ServletInvocableHandlerMethod.java:118)
	at deployment.spring-mvc-forms.war//org.springframework.web.servlet.mvc.method.annotation.RequestMappingHandlerAdapter.invokeHandlerMethod(RequestMappingHandlerAdapter.java:917)
	at deployment.spring-mvc-forms.war//org.springframework.web.servlet.mvc.method.annotation.RequestMappingHandlerAdapter.handleInternal(RequestMappingHandlerAdapter.java:829)
	at deployment.spring-mvc-forms.war//org.springframework.web.servlet.mvc.method.AbstractHandlerMethodAdapter.handle(AbstractHandlerMethodAdapter.java:87)
	at deployment.spring-mvc-forms.war//org.springframework.web.servlet.DispatcherServlet.doDispatch(DispatcherServlet.java:1089)
	at deployment.spring-mvc-forms.war//org.springframework.web.servlet.DispatcherServlet.doService(DispatcherServlet.java:979)
	at deployment.spring-mvc-forms.war//org.springframework.web.servlet.FrameworkServlet.processRequest(FrameworkServlet.java:1014)
	... 46 more

2025-05-15 09:15:47,137 ERROR [io.undertow.request] (default task-1) UT005023: Exception handling request to /spring-mvc-forms/exemplo-post: jakarta.servlet.ServletException: Request processing failed: java.lang.IllegalArgumentException: Name for argument of type [java.lang.String] not specified, and parameter name information not found in class file either.
	at deployment.spring-mvc-forms.war//org.springframework.web.servlet.FrameworkServlet.processRequest(FrameworkServlet.java:1022)
	at deployment.spring-mvc-forms.war//org.springframework.web.servlet.FrameworkServlet.doPost(FrameworkServlet.java:914)
	at jakarta.servlet.api@6.0.0//jakarta.servlet.http.HttpServlet.service(HttpServlet.java:547)
	at deployment.spring-mvc-forms.war//org.springframework.web.servlet.FrameworkServlet.service(FrameworkServlet.java:885)
	at jakarta.servlet.api@6.0.0//jakarta.servlet.http.HttpServlet.service(HttpServlet.java:614)
	at io.undertow.servlet@2.3.7.Final//io.undertow.servlet.handlers.ServletHandler.handleRequest(ServletHandler.java:74)
	at io.undertow.servlet@2.3.7.Final//io.undertow.servlet.handlers.security.ServletSecurityRoleHandler.handleRequest(ServletSecurityRoleHandler.java:62)
	at io.undertow.servlet@2.3.7.Final//io.undertow.servlet.handlers.ServletChain$1.handleRequest(ServletChain.java:68)
	at io.undertow.servlet@2.3.7.Final//io.undertow.servlet.handlers.ServletDispatchingHandler.handleRequest(ServletDispatchingHandler.java:36)
	at org.wildfly.security.elytron-web.undertow-server@4.0.0.Final//org.wildfly.elytron.web.undertow.server.ElytronRunAsHandler.lambda$handleRequest$1(ElytronRunAsHandler.java:68)
	at org.wildfly.security.elytron-base@2.2.1.Final//org.wildfly.security.auth.server.FlexibleIdentityAssociation.runAsFunctionEx(FlexibleIdentityAssociation.java:103)
	at org.wildfly.security.elytron-base@2.2.1.Final//org.wildfly.security.auth.server.Scoped.runAsFunctionEx(Scoped.java:161)
	at org.wildfly.security.elytron-base@2.2.1.Final//org.wildfly.security.auth.server.Scoped.runAs(Scoped.java:73)
	at org.wildfly.security.elytron-web.undertow-server@4.0.0.Final//org.wildfly.elytron.web.undertow.server.ElytronRunAsHandler.handleRequest(ElytronRunAsHandler.java:67)
	at io.undertow.servlet@2.3.7.Final//io.undertow.servlet.handlers.RedirectDirHandler.handleRequest(RedirectDirHandler.java:68)
	at io.undertow.servlet@2.3.7.Final//io.undertow.servlet.handlers.security.SSLInformationAssociationHandler.handleRequest(SSLInformationAssociationHandler.java:117)
	at io.undertow.servlet@2.3.7.Final//io.undertow.servlet.handlers.security.ServletAuthenticationCallHandler.handleRequest(ServletAuthenticationCallHandler.java:57)
	at io.undertow.core@2.3.7.Final//io.undertow.server.handlers.PredicateHandler.handleRequest(PredicateHandler.java:43)
	at io.undertow.core@2.3.7.Final//io.undertow.security.handlers.AbstractConfidentialityHandler.handleRequest(AbstractConfidentialityHandler.java:46)
	at io.undertow.servlet@2.3.7.Final//io.undertow.servlet.handlers.security.ServletConfidentialityConstraintHandler.handleRequest(ServletConfidentialityConstraintHandler.java:64)
	at io.undertow.core@2.3.7.Final//io.undertow.security.handlers.AbstractSecurityContextAssociationHandler.handleRequest(AbstractSecurityContextAssociationHandler.java:43)
	at org.wildfly.security.elytron-web.undertow-server-servlet@4.0.0.Final//org.wildfly.elytron.web.undertow.server.servlet.CleanUpHandler.handleRequest(CleanUpHandler.java:38)
	at io.undertow.core@2.3.7.Final//io.undertow.server.handlers.PredicateHandler.handleRequest(PredicateHandler.java:43)
	at org.wildfly.extension.undertow@29.0.1.Final//org.wildfly.extension.undertow.security.jacc.JACCContextIdHandler.handleRequest(JACCContextIdHandler.java:61)
	at io.undertow.core@2.3.7.Final//io.undertow.server.handlers.PredicateHandler.handleRequest(PredicateHandler.java:43)
	at org.wildfly.extension.undertow@29.0.1.Final//org.wildfly.extension.undertow.deployment.GlobalRequestControllerHandler.handleRequest(GlobalRequestControllerHandler.java:68)
	at io.undertow.servlet@2.3.7.Final//io.undertow.servlet.handlers.SendErrorPageHandler.handleRequest(SendErrorPageHandler.java:52)
	at io.undertow.core@2.3.7.Final//io.undertow.server.handlers.PredicateHandler.handleRequest(PredicateHandler.java:43)
	at io.undertow.servlet@2.3.7.Final//io.undertow.servlet.handlers.ServletInitialHandler.handleFirstRequest(ServletInitialHandler.java:276)
	at io.undertow.servlet@2.3.7.Final//io.undertow.servlet.handlers.ServletInitialHandler$2.call(ServletInitialHandler.java:135)
	at io.undertow.servlet@2.3.7.Final//io.undertow.servlet.handlers.ServletInitialHandler$2.call(ServletInitialHandler.java:132)
	at io.undertow.servlet@2.3.7.Final//io.undertow.servlet.core.ServletRequestContextThreadSetupAction$1.call(ServletRequestContextThreadSetupAction.java:48)
	at io.undertow.servlet@2.3.7.Final//io.undertow.servlet.core.ContextClassLoaderSetupAction$1.call(ContextClassLoaderSetupAction.java:43)
	at org.wildfly.extension.undertow@29.0.1.Final//org.wildfly.extension.undertow.deployment.UndertowDeploymentInfoService$UndertowThreadSetupAction.lambda$create$0(UndertowDeploymentInfoService.java:1430)
	at org.wildfly.extension.undertow@29.0.1.Final//org.wildfly.extension.undertow.deployment.UndertowDeploymentInfoService$UndertowThreadSetupAction.lambda$create$0(UndertowDeploymentInfoService.java:1430)
	at org.wildfly.extension.undertow@29.0.1.Final//org.wildfly.extension.undertow.deployment.UndertowDeploymentInfoService$UndertowThreadSetupAction.lambda$create$0(UndertowDeploymentInfoService.java:1430)
	at org.wildfly.extension.undertow@29.0.1.Final//org.wildfly.extension.undertow.deployment.UndertowDeploymentInfoService$UndertowThreadSetupAction.lambda$create$0(UndertowDeploymentInfoService.java:1430)
	at io.undertow.servlet@2.3.7.Final//io.undertow.servlet.handlers.ServletInitialHandler.dispatchRequest(ServletInitialHandler.java:256)
	at io.undertow.servlet@2.3.7.Final//io.undertow.servlet.handlers.ServletInitialHandler$1.handleRequest(ServletInitialHandler.java:101)
	at io.undertow.core@2.3.7.Final//io.undertow.server.Connectors.executeRootHandler(Connectors.java:393)
	at io.undertow.core@2.3.7.Final//io.undertow.server.HttpServerExchange$1.run(HttpServerExchange.java:859)
	at org.jboss.threads@2.4.0.Final//org.jboss.threads.ContextClassLoaderSavingRunnable.run(ContextClassLoaderSavingRunnable.java:35)
	at org.jboss.threads@2.4.0.Final//org.jboss.threads.EnhancedQueueExecutor.safeRun(EnhancedQueueExecutor.java:1990)
	at org.jboss.threads@2.4.0.Final//org.jboss.threads.EnhancedQueueExecutor$ThreadBody.doRunTask(EnhancedQueueExecutor.java:1486)
	at org.jboss.threads@2.4.0.Final//org.jboss.threads.EnhancedQueueExecutor$ThreadBody.run(EnhancedQueueExecutor.java:1377)
	at org.jboss.xnio@3.8.9.Final//org.xnio.XnioWorker$WorkerThreadFactory$1$1.run(XnioWorker.java:1282)
	at java.base/java.lang.Thread.run(Thread.java:842)
Caused by: java.lang.IllegalArgumentException: Name for argument of type [java.lang.String] not specified, and parameter name information not found in class file either.
	at deployment.spring-mvc-forms.war//org.springframework.web.method.annotation.AbstractNamedValueMethodArgumentResolver.updateNamedValueInfo(AbstractNamedValueMethodArgumentResolver.java:183)
	at deployment.spring-mvc-forms.war//org.springframework.web.method.annotation.AbstractNamedValueMethodArgumentResolver.getNamedValueInfo(AbstractNamedValueMethodArgumentResolver.java:160)
	at deployment.spring-mvc-forms.war//org.springframework.web.method.annotation.AbstractNamedValueMethodArgumentResolver.resolveArgument(AbstractNamedValueMethodArgumentResolver.java:106)
	at deployment.spring-mvc-forms.war//org.springframework.web.method.support.HandlerMethodArgumentResolverComposite.resolveArgument(HandlerMethodArgumentResolverComposite.java:122)
	at deployment.spring-mvc-forms.war//org.springframework.web.method.support.InvocableHandlerMethod.getMethodArgumentValues(InvocableHandlerMethod.java:217)
	at deployment.spring-mvc-forms.war//org.springframework.web.method.support.InvocableHandlerMethod.invokeForRequest(InvocableHandlerMethod.java:170)
	at deployment.spring-mvc-forms.war//org.springframework.web.servlet.mvc.method.annotation.ServletInvocableHandlerMethod.invokeAndHandle(ServletInvocableHandlerMethod.java:118)
	at deployment.spring-mvc-forms.war//org.springframework.web.servlet.mvc.method.annotation.RequestMappingHandlerAdapter.invokeHandlerMethod(RequestMappingHandlerAdapter.java:917)
	at deployment.spring-mvc-forms.war//org.springframework.web.servlet.mvc.method.annotation.RequestMappingHandlerAdapter.handleInternal(RequestMappingHandlerAdapter.java:829)
	at deployment.spring-mvc-forms.war//org.springframework.web.servlet.mvc.method.AbstractHandlerMethodAdapter.handle(AbstractHandlerMethodAdapter.java:87)
	at deployment.spring-mvc-forms.war//org.springframework.web.servlet.DispatcherServlet.doDispatch(DispatcherServlet.java:1089)
	at deployment.spring-mvc-forms.war//org.springframework.web.servlet.DispatcherServlet.doService(DispatcherServlet.java:979)
	at deployment.spring-mvc-forms.war//org.springframework.web.servlet.FrameworkServlet.processRequest(FrameworkServlet.java:1014)
	... 46 more

2025-05-15 09:19:42,543 INFO  [org.wildfly.extension.undertow] (ServerService Thread Pool -- 19) WFLYUT0022: Unregistered web context: '/spring-mvc-forms' from server 'default-server'
2025-05-15 09:19:42,597 INFO  [io.undertow.servlet] (ServerService Thread Pool -- 19) Destroying Spring FrameworkServlet 'dispatcher'
2025-05-15 09:19:44,048 INFO  [org.jboss.as.server.deployment] (MSC service thread 1-2) WFLYSRV0028: Stopped deployment spring-mvc-forms.war (runtime-name: spring-mvc-forms.war) in 1649ms
2025-05-15 09:19:44,113 INFO  [org.jboss.as.server.deployment] (MSC service thread 1-8) WFLYSRV0027: Starting deployment of "spring-mvc-forms.war" (runtime-name: "spring-mvc-forms.war")
2025-05-15 09:19:51,812 WARN  [org.jboss.as.dependency.private] (MSC service thread 1-6) WFLYSRV0018: Deployment "deployment.spring-mvc-forms.war" is using a private module ("org.jboss.vfs") which may be changed or removed in future versions without notice.
2025-05-15 09:19:52,168 INFO  [org.jboss.weld.deployer] (MSC service thread 1-6) WFLYWELD0003: Processing weld deployment spring-mvc-forms.war
2025-05-15 09:19:53,724 INFO  [io.undertow.servlet] (ServerService Thread Pool -- 121) 1 Spring WebApplicationInitializers detected on classpath
2025-05-15 09:19:53,797 INFO  [jakarta.enterprise.resource.webcontainer.faces.config] (ServerService Thread Pool -- 121) Inicializando Mojarra 4.0.2 para o contexto '/spring-mvc-forms'
2025-05-15 09:19:54,269 INFO  [io.undertow.servlet] (ServerService Thread Pool -- 121) Initializing Spring DispatcherServlet 'dispatcher'
2025-05-15 09:19:54,269 INFO  [org.springframework.web.servlet.DispatcherServlet] (ServerService Thread Pool -- 121) Initializing Servlet 'dispatcher'
2025-05-15 09:19:55,567 INFO  [org.springframework.web.servlet.DispatcherServlet] (ServerService Thread Pool -- 121) Completed initialization in 1295 ms
2025-05-15 09:19:55,568 INFO  [org.wildfly.extension.undertow] (ServerService Thread Pool -- 121) WFLYUT0021: Registered web context: '/spring-mvc-forms' for server 'default-server'
2025-05-15 09:19:55,814 INFO  [org.jboss.as.server] (DeploymentScanner-threads - 1) WFLYSRV0016: Replaced deployment "spring-mvc-forms.war" with deployment "spring-mvc-forms.war"
2025-05-15 19:11:30,875 INFO  [org.jboss.as.server] (Thread-1) WFLYSRV0272: Suspending server
2025-05-15 19:11:31,341 INFO  [org.jboss.as.ejb3] (Thread-1) WFLYEJB0493: Jakarta Enterprise Beans subsystem suspension complete
2025-05-15 19:11:31,424 INFO  [org.jboss.as.server] (Thread-1) WFLYSRV0220: Server shutdown has been requested via an OS signal
2025-05-15 19:11:31,705 INFO  [org.wildfly.extension.undertow] (ServerService Thread Pool -- 123) WFLYUT0022: Unregistered web context: '/spring-mvc-forms' from server 'default-server'
2025-05-15 19:11:31,740 INFO  [org.jboss.as.mail.extension] (MSC service thread 1-4) WFLYMAIL0002: Unbound mail session [java:jboss/mail/Default]
2025-05-15 19:11:32,034 INFO  [io.undertow.servlet] (ServerService Thread Pool -- 123) Destroying Spring FrameworkServlet 'dispatcher'
2025-05-15 19:11:32,178 INFO  [org.wildfly.extension.undertow] (MSC service thread 1-5) WFLYUT0019: Host default-host stopping
2025-05-15 19:11:32,216 INFO  [org.jboss.as.connector.subsystems.datasources] (MSC service thread 1-1) WFLYJCA0010: Unbound data source [java:jboss/datasources/ExampleDS]
2025-05-15 19:11:32,238 INFO  [org.jboss.as.connector.deployers.jdbc] (MSC service thread 1-7) WFLYJCA0019: Stopped Driver service with driver-name = h2
2025-05-15 19:11:32,299 INFO  [org.wildfly.extension.undertow] (MSC service thread 1-7) WFLYUT0008: Undertow HTTP listener default suspending
2025-05-15 19:11:32,299 INFO  [org.wildfly.extension.undertow] (MSC service thread 1-4) WFLYUT0008: Undertow HTTPS listener https suspending
2025-05-15 19:11:32,304 INFO  [org.wildfly.extension.undertow] (MSC service thread 1-4) WFLYUT0007: Undertow HTTPS listener https stopped, was bound to 127.0.0.1:8443
2025-05-15 19:11:32,301 INFO  [org.wildfly.extension.undertow] (MSC service thread 1-7) WFLYUT0007: Undertow HTTP listener default stopped, was bound to 127.0.0.1:8080
2025-05-15 19:11:32,315 INFO  [org.wildfly.extension.undertow] (MSC service thread 1-7) WFLYUT0004: Undertow 2.3.7.Final stopping
2025-05-15 19:11:32,436 INFO  [org.jboss.as.server.deployment] (MSC service thread 1-3) WFLYSRV0028: Stopped deployment spring-mvc-forms.war (runtime-name: spring-mvc-forms.war) in 879ms
2025-05-15 19:11:32,480 INFO  [org.jboss.as] (MSC service thread 1-8) WFLYSRV0050: WildFly Full 29.0.1.Final (WildFly Core 21.1.1.Final) stopped in 943ms
